<?xml version="1.0" encoding="UTF-8"?>
<testsuite xmlns:xsi="http://www.w3.org/2001/XMLSchema-instance" xsi:noNamespaceSchemaLocation="https://maven.apache.org/surefire/maven-surefire-plugin/xsd/surefire-test-report-3.0.xsd" version="3.0" name="com.ShaikZubair.ConfigServer.ConfigServerApplicationTests" time="7.688" tests="1" errors="0" skipped="0" failures="0">
  <properties>
    <property name="java.specification.version" value="20"/>
    <property name="sun.jnu.encoding" value="UTF-8"/>
    <property name="java.class.path" value="/Users/shaikzubair/Desktop/Microservices/ConfigServer/target/test-classes:/Users/shaikzubair/Desktop/Microservices/ConfigServer/target/classes:/Users/shaikzubair/.m2/repository/org/springframework/cloud/spring-cloud-config-server/4.0.3/spring-cloud-config-server-4.0.3.jar:/Users/shaikzubair/.m2/repository/org/springframework/cloud/spring-cloud-config-client/4.0.3/spring-cloud-config-client-4.0.3.jar:/Users/shaikzubair/.m2/repository/org/springframework/boot/spring-boot-autoconfigure/3.1.2/spring-boot-autoconfigure-3.1.2.jar:/Users/shaikzubair/.m2/repository/org/springframework/cloud/spring-cloud-commons/4.0.3/spring-cloud-commons-4.0.3.jar:/Users/shaikzubair/.m2/repository/org/springframework/cloud/spring-cloud-context/4.0.3/spring-cloud-context-4.0.3.jar:/Users/shaikzubair/.m2/repository/org/springframework/spring-web/6.0.11/spring-web-6.0.11.jar:/Users/shaikzubair/.m2/repository/org/springframework/spring-beans/6.0.11/spring-beans-6.0.11.jar:/Users/shaikzubair/.m2/repository/com/fasterxml/jackson/core/jackson-annotations/2.15.2/jackson-annotations-2.15.2.jar:/Users/shaikzubair/.m2/repository/com/fasterxml/jackson/core/jackson-databind/2.15.2/jackson-databind-2.15.2.jar:/Users/shaikzubair/.m2/repository/io/micrometer/micrometer-observation/1.11.2/micrometer-observation-1.11.2.jar:/Users/shaikzubair/.m2/repository/io/micrometer/micrometer-commons/1.11.2/micrometer-commons-1.11.2.jar:/Users/shaikzubair/.m2/repository/org/springframework/boot/spring-boot-starter-web/3.1.2/spring-boot-starter-web-3.1.2.jar:/Users/shaikzubair/.m2/repository/org/springframework/boot/spring-boot-starter-json/3.1.2/spring-boot-starter-json-3.1.2.jar:/Users/shaikzubair/.m2/repository/com/fasterxml/jackson/datatype/jackson-datatype-jdk8/2.15.2/jackson-datatype-jdk8-2.15.2.jar:/Users/shaikzubair/.m2/repository/com/fasterxml/jackson/datatype/jackson-datatype-jsr310/2.15.2/jackson-datatype-jsr310-2.15.2.jar:/Users/shaikzubair/.m2/repository/com/fasterxml/jackson/module/jackson-module-parameter-names/2.15.2/jackson-module-parameter-names-2.15.2.jar:/Users/shaikzubair/.m2/repository/org/springframework/boot/spring-boot-starter-tomcat/3.1.2/spring-boot-starter-tomcat-3.1.2.jar:/Users/shaikzubair/.m2/repository/org/apache/tomcat/embed/tomcat-embed-core/10.1.11/tomcat-embed-core-10.1.11.jar:/Users/shaikzubair/.m2/repository/org/apache/tomcat/embed/tomcat-embed-websocket/10.1.11/tomcat-embed-websocket-10.1.11.jar:/Users/shaikzubair/.m2/repository/org/springframework/spring-webmvc/6.0.11/spring-webmvc-6.0.11.jar:/Users/shaikzubair/.m2/repository/org/springframework/spring-aop/6.0.11/spring-aop-6.0.11.jar:/Users/shaikzubair/.m2/repository/org/springframework/spring-context/6.0.11/spring-context-6.0.11.jar:/Users/shaikzubair/.m2/repository/org/springframework/spring-expression/6.0.11/spring-expression-6.0.11.jar:/Users/shaikzubair/.m2/repository/org/springframework/boot/spring-boot-starter-validation/3.1.2/spring-boot-starter-validation-3.1.2.jar:/Users/shaikzubair/.m2/repository/org/apache/tomcat/embed/tomcat-embed-el/10.1.11/tomcat-embed-el-10.1.11.jar:/Users/shaikzubair/.m2/repository/org/hibernate/validator/hibernate-validator/8.0.1.Final/hibernate-validator-8.0.1.Final.jar:/Users/shaikzubair/.m2/repository/jakarta/validation/jakarta.validation-api/3.0.2/jakarta.validation-api-3.0.2.jar:/Users/shaikzubair/.m2/repository/org/jboss/logging/jboss-logging/3.5.3.Final/jboss-logging-3.5.3.Final.jar:/Users/shaikzubair/.m2/repository/com/fasterxml/classmate/1.5.1/classmate-1.5.1.jar:/Users/shaikzubair/.m2/repository/org/springframework/security/spring-security-crypto/6.1.2/spring-security-crypto-6.1.2.jar:/Users/shaikzubair/.m2/repository/org/springframework/security/spring-security-rsa/1.0.11.RELEASE/spring-security-rsa-1.0.11.RELEASE.jar:/Users/shaikzubair/.m2/repository/org/bouncycastle/bcpkix-jdk15on/1.69/bcpkix-jdk15on-1.69.jar:/Users/shaikzubair/.m2/repository/org/bouncycastle/bcprov-jdk15on/1.69/bcprov-jdk15on-1.69.jar:/Users/shaikzubair/.m2/repository/org/bouncycastle/bcutil-jdk15on/1.69/bcutil-jdk15on-1.69.jar:/Users/shaikzubair/.m2/repository/org/apache/httpcomponents/client5/httpclient5/5.2.1/httpclient5-5.2.1.jar:/Users/shaikzubair/.m2/repository/org/apache/httpcomponents/core5/httpcore5/5.2.2/httpcore5-5.2.2.jar:/Users/shaikzubair/.m2/repository/org/apache/httpcomponents/core5/httpcore5-h2/5.2.2/httpcore5-h2-5.2.2.jar:/Users/shaikzubair/.m2/repository/org/slf4j/slf4j-api/2.0.7/slf4j-api-2.0.7.jar:/Users/shaikzubair/.m2/repository/org/eclipse/jgit/org.eclipse.jgit/6.4.0.202211300538-r/org.eclipse.jgit-6.4.0.202211300538-r.jar:/Users/shaikzubair/.m2/repository/com/googlecode/javaewah/JavaEWAH/1.1.13/JavaEWAH-1.1.13.jar:/Users/shaikzubair/.m2/repository/org/eclipse/jgit/org.eclipse.jgit.http.apache/6.4.0.202211300538-r/org.eclipse.jgit.http.apache-6.4.0.202211300538-r.jar:/Users/shaikzubair/.m2/repository/org/apache/httpcomponents/httpclient/4.5.13/httpclient-4.5.13.jar:/Users/shaikzubair/.m2/repository/commons-logging/commons-logging/1.2/commons-logging-1.2.jar:/Users/shaikzubair/.m2/repository/commons-codec/commons-codec/1.15/commons-codec-1.15.jar:/Users/shaikzubair/.m2/repository/org/apache/httpcomponents/httpcore/4.4.16/httpcore-4.4.16.jar:/Users/shaikzubair/.m2/repository/org/eclipse/jgit/org.eclipse.jgit.ssh.apache/6.4.0.202211300538-r/org.eclipse.jgit.ssh.apache-6.4.0.202211300538-r.jar:/Users/shaikzubair/.m2/repository/org/apache/sshd/sshd-osgi/2.9.2/sshd-osgi-2.9.2.jar:/Users/shaikzubair/.m2/repository/org/slf4j/jcl-over-slf4j/2.0.7/jcl-over-slf4j-2.0.7.jar:/Users/shaikzubair/.m2/repository/org/apache/sshd/sshd-sftp/2.9.2/sshd-sftp-2.9.2.jar:/Users/shaikzubair/.m2/repository/org/apache/sshd/sshd-core/2.9.2/sshd-core-2.9.2.jar:/Users/shaikzubair/.m2/repository/org/apache/sshd/sshd-common/2.9.2/sshd-common-2.9.2.jar:/Users/shaikzubair/.m2/repository/net/i2p/crypto/eddsa/0.3.0/eddsa-0.3.0.jar:/Users/shaikzubair/.m2/repository/org/yaml/snakeyaml/1.33/snakeyaml-1.33.jar:/Users/shaikzubair/.m2/repository/com/fasterxml/jackson/dataformat/jackson-dataformat-yaml/2.15.2/jackson-dataformat-yaml-2.15.2.jar:/Users/shaikzubair/.m2/repository/com/fasterxml/jackson/core/jackson-core/2.15.2/jackson-core-2.15.2.jar:/Users/shaikzubair/.m2/repository/org/springframework/cloud/spring-cloud-starter-netflix-eureka-client/4.0.2/spring-cloud-starter-netflix-eureka-client-4.0.2.jar:/Users/shaikzubair/.m2/repository/org/springframework/cloud/spring-cloud-starter/4.0.3/spring-cloud-starter-4.0.3.jar:/Users/shaikzubair/.m2/repository/org/springframework/cloud/spring-cloud-netflix-eureka-client/4.0.2/spring-cloud-netflix-eureka-client-4.0.2.jar:/Users/shaikzubair/.m2/repository/com/netflix/eureka/eureka-client/2.0.0/eureka-client-2.0.0.jar:/Users/shaikzubair/.m2/repository/com/netflix/netflix-commons/netflix-eventbus/0.3.0/netflix-eventbus-0.3.0.jar:/Users/shaikzubair/.m2/repository/com/netflix/netflix-commons/netflix-infix/0.3.0/netflix-infix-0.3.0.jar:/Users/shaikzubair/.m2/repository/commons-jxpath/commons-jxpath/1.3/commons-jxpath-1.3.jar:/Users/shaikzubair/.m2/repository/joda-time/joda-time/2.3/joda-time-2.3.jar:/Users/shaikzubair/.m2/repository/org/antlr/antlr-runtime/3.4/antlr-runtime-3.4.jar:/Users/shaikzubair/.m2/repository/org/antlr/stringtemplate/3.2.1/stringtemplate-3.2.1.jar:/Users/shaikzubair/.m2/repository/antlr/antlr/2.7.7/antlr-2.7.7.jar:/Users/shaikzubair/.m2/repository/com/google/code/gson/gson/2.10.1/gson-2.10.1.jar:/Users/shaikzubair/.m2/repository/org/apache/commons/commons-math/2.2/commons-math-2.2.jar:/Users/shaikzubair/.m2/repository/com/thoughtworks/xstream/xstream/1.4.19/xstream-1.4.19.jar:/Users/shaikzubair/.m2/repository/io/github/x-stream/mxparser/1.2.2/mxparser-1.2.2.jar:/Users/shaikzubair/.m2/repository/xmlpull/xmlpull/1.1.3.1/xmlpull-1.1.3.1.jar:/Users/shaikzubair/.m2/repository/jakarta/ws/rs/jakarta.ws.rs-api/3.1.0/jakarta.ws.rs-api-3.1.0.jar:/Users/shaikzubair/.m2/repository/jakarta/inject/jakarta.inject-api/2.0.1/jakarta.inject-api-2.0.1.jar:/Users/shaikzubair/.m2/repository/jakarta/annotation/jakarta.annotation-api/2.1.1/jakarta.annotation-api-2.1.1.jar:/Users/shaikzubair/.m2/repository/com/netflix/servo/servo-core/0.12.21/servo-core-0.12.21.jar:/Users/shaikzubair/.m2/repository/com/google/guava/guava/19.0/guava-19.0.jar:/Users/shaikzubair/.m2/repository/commons-configuration/commons-configuration/1.10/commons-configuration-1.10.jar:/Users/shaikzubair/.m2/repository/commons-lang/commons-lang/2.6/commons-lang-2.6.jar:/Users/shaikzubair/.m2/repository/org/codehaus/jettison/jettison/1.4.0/jettison-1.4.0.jar:/Users/shaikzubair/.m2/repository/com/netflix/eureka/eureka-core/2.0.0/eureka-core-2.0.0.jar:/Users/shaikzubair/.m2/repository/jakarta/servlet/jakarta.servlet-api/6.0.0/jakarta.servlet-api-6.0.0.jar:/Users/shaikzubair/.m2/repository/com/fasterxml/woodstox/woodstox-core/6.2.1/woodstox-core-6.2.1.jar:/Users/shaikzubair/.m2/repository/org/codehaus/woodstox/stax2-api/4.2.1/stax2-api-4.2.1.jar:/Users/shaikzubair/.m2/repository/org/springframework/cloud/spring-cloud-starter-loadbalancer/4.0.3/spring-cloud-starter-loadbalancer-4.0.3.jar:/Users/shaikzubair/.m2/repository/org/springframework/cloud/spring-cloud-loadbalancer/4.0.3/spring-cloud-loadbalancer-4.0.3.jar:/Users/shaikzubair/.m2/repository/io/projectreactor/reactor-core/3.5.8/reactor-core-3.5.8.jar:/Users/shaikzubair/.m2/repository/org/reactivestreams/reactive-streams/1.0.4/reactive-streams-1.0.4.jar:/Users/shaikzubair/.m2/repository/io/projectreactor/addons/reactor-extra/3.5.1/reactor-extra-3.5.1.jar:/Users/shaikzubair/.m2/repository/org/springframework/boot/spring-boot-starter-cache/3.1.2/spring-boot-starter-cache-3.1.2.jar:/Users/shaikzubair/.m2/repository/org/springframework/spring-context-support/6.0.11/spring-context-support-6.0.11.jar:/Users/shaikzubair/.m2/repository/com/stoyanr/evictor/1.0.0/evictor-1.0.0.jar:/Users/shaikzubair/.m2/repository/org/springframework/boot/spring-boot-starter-test/3.1.2/spring-boot-starter-test-3.1.2.jar:/Users/shaikzubair/.m2/repository/org/springframework/boot/spring-boot-starter/3.1.2/spring-boot-starter-3.1.2.jar:/Users/shaikzubair/.m2/repository/org/springframework/boot/spring-boot/3.1.2/spring-boot-3.1.2.jar:/Users/shaikzubair/.m2/repository/org/springframework/boot/spring-boot-starter-logging/3.1.2/spring-boot-starter-logging-3.1.2.jar:/Users/shaikzubair/.m2/repository/ch/qos/logback/logback-classic/1.4.8/logback-classic-1.4.8.jar:/Users/shaikzubair/.m2/repository/ch/qos/logback/logback-core/1.4.8/logback-core-1.4.8.jar:/Users/shaikzubair/.m2/repository/org/apache/logging/log4j/log4j-to-slf4j/2.20.0/log4j-to-slf4j-2.20.0.jar:/Users/shaikzubair/.m2/repository/org/apache/logging/log4j/log4j-api/2.20.0/log4j-api-2.20.0.jar:/Users/shaikzubair/.m2/repository/org/slf4j/jul-to-slf4j/2.0.7/jul-to-slf4j-2.0.7.jar:/Users/shaikzubair/.m2/repository/org/springframework/boot/spring-boot-test/3.1.2/spring-boot-test-3.1.2.jar:/Users/shaikzubair/.m2/repository/org/springframework/boot/spring-boot-test-autoconfigure/3.1.2/spring-boot-test-autoconfigure-3.1.2.jar:/Users/shaikzubair/.m2/repository/com/jayway/jsonpath/json-path/2.8.0/json-path-2.8.0.jar:/Users/shaikzubair/.m2/repository/jakarta/xml/bind/jakarta.xml.bind-api/4.0.0/jakarta.xml.bind-api-4.0.0.jar:/Users/shaikzubair/.m2/repository/jakarta/activation/jakarta.activation-api/2.1.2/jakarta.activation-api-2.1.2.jar:/Users/shaikzubair/.m2/repository/net/minidev/json-smart/2.4.11/json-smart-2.4.11.jar:/Users/shaikzubair/.m2/repository/net/minidev/accessors-smart/2.4.11/accessors-smart-2.4.11.jar:/Users/shaikzubair/.m2/repository/org/ow2/asm/asm/9.3/asm-9.3.jar:/Users/shaikzubair/.m2/repository/org/assertj/assertj-core/3.24.2/assertj-core-3.24.2.jar:/Users/shaikzubair/.m2/repository/net/bytebuddy/byte-buddy/1.14.5/byte-buddy-1.14.5.jar:/Users/shaikzubair/.m2/repository/org/hamcrest/hamcrest/2.2/hamcrest-2.2.jar:/Users/shaikzubair/.m2/repository/org/junit/jupiter/junit-jupiter/5.9.3/junit-jupiter-5.9.3.jar:/Users/shaikzubair/.m2/repository/org/junit/jupiter/junit-jupiter-api/5.9.3/junit-jupiter-api-5.9.3.jar:/Users/shaikzubair/.m2/repository/org/opentest4j/opentest4j/1.2.0/opentest4j-1.2.0.jar:/Users/shaikzubair/.m2/repository/org/junit/platform/junit-platform-commons/1.9.3/junit-platform-commons-1.9.3.jar:/Users/shaikzubair/.m2/repository/org/apiguardian/apiguardian-api/1.1.2/apiguardian-api-1.1.2.jar:/Users/shaikzubair/.m2/repository/org/junit/jupiter/junit-jupiter-params/5.9.3/junit-jupiter-params-5.9.3.jar:/Users/shaikzubair/.m2/repository/org/junit/jupiter/junit-jupiter-engine/5.9.3/junit-jupiter-engine-5.9.3.jar:/Users/shaikzubair/.m2/repository/org/junit/platform/junit-platform-engine/1.9.3/junit-platform-engine-1.9.3.jar:/Users/shaikzubair/.m2/repository/org/mockito/mockito-core/4.8.1/mockito-core-4.8.1.jar:/Users/shaikzubair/.m2/repository/net/bytebuddy/byte-buddy-agent/1.14.5/byte-buddy-agent-1.14.5.jar:/Users/shaikzubair/.m2/repository/org/objenesis/objenesis/3.2/objenesis-3.2.jar:/Users/shaikzubair/.m2/repository/org/mockito/mockito-junit-jupiter/4.8.1/mockito-junit-jupiter-4.8.1.jar:/Users/shaikzubair/.m2/repository/org/skyscreamer/jsonassert/1.5.1/jsonassert-1.5.1.jar:/Users/shaikzubair/.m2/repository/com/vaadin/external/google/android-json/0.0.20131108.vaadin1/android-json-0.0.20131108.vaadin1.jar:/Users/shaikzubair/.m2/repository/org/springframework/spring-core/6.0.11/spring-core-6.0.11.jar:/Users/shaikzubair/.m2/repository/org/springframework/spring-jcl/6.0.11/spring-jcl-6.0.11.jar:/Users/shaikzubair/.m2/repository/org/springframework/spring-test/6.0.11/spring-test-6.0.11.jar:/Users/shaikzubair/.m2/repository/org/xmlunit/xmlunit-core/2.9.1/xmlunit-core-2.9.1.jar:"/>
    <property name="java.vm.vendor" value="Homebrew"/>
    <property name="sun.arch.data.model" value="64"/>
    <property name="java.vendor.url" value="https://github.com/Homebrew/homebrew-core/issues"/>
    <property name="user.timezone" value="America/New_York"/>
    <property name="org.jboss.logging.provider" value="slf4j"/>
    <property name="os.name" value="Mac OS X"/>
    <property name="java.vm.specification.version" value="20"/>
    <property name="sun.java.launcher" value="SUN_STANDARD"/>
    <property name="user.country" value="IN"/>
    <property name="sun.boot.library.path" value="/opt/homebrew/Cellar/openjdk/20.0.1/libexec/openjdk.jdk/Contents/Home/lib"/>
    <property name="sun.java.command" value="/Users/shaikzubair/Desktop/Microservices/ConfigServer/target/surefire/surefirebooter-20230902100353664_3.jar /Users/shaikzubair/Desktop/Microservices/ConfigServer/target/surefire 2023-09-02T10-03-53_596-jvmRun1 surefire-20230902100353664_1tmp surefire_0-20230902100353664_2tmp"/>
    <property name="http.nonProxyHosts" value="local|*.local|169.254/16|*.169.254/16"/>
    <property name="jdk.debug" value="release"/>
    <property name="surefire.test.class.path" value="/Users/shaikzubair/Desktop/Microservices/ConfigServer/target/test-classes:/Users/shaikzubair/Desktop/Microservices/ConfigServer/target/classes:/Users/shaikzubair/.m2/repository/org/springframework/cloud/spring-cloud-config-server/4.0.3/spring-cloud-config-server-4.0.3.jar:/Users/shaikzubair/.m2/repository/org/springframework/cloud/spring-cloud-config-client/4.0.3/spring-cloud-config-client-4.0.3.jar:/Users/shaikzubair/.m2/repository/org/springframework/boot/spring-boot-autoconfigure/3.1.2/spring-boot-autoconfigure-3.1.2.jar:/Users/shaikzubair/.m2/repository/org/springframework/cloud/spring-cloud-commons/4.0.3/spring-cloud-commons-4.0.3.jar:/Users/shaikzubair/.m2/repository/org/springframework/cloud/spring-cloud-context/4.0.3/spring-cloud-context-4.0.3.jar:/Users/shaikzubair/.m2/repository/org/springframework/spring-web/6.0.11/spring-web-6.0.11.jar:/Users/shaikzubair/.m2/repository/org/springframework/spring-beans/6.0.11/spring-beans-6.0.11.jar:/Users/shaikzubair/.m2/repository/com/fasterxml/jackson/core/jackson-annotations/2.15.2/jackson-annotations-2.15.2.jar:/Users/shaikzubair/.m2/repository/com/fasterxml/jackson/core/jackson-databind/2.15.2/jackson-databind-2.15.2.jar:/Users/shaikzubair/.m2/repository/io/micrometer/micrometer-observation/1.11.2/micrometer-observation-1.11.2.jar:/Users/shaikzubair/.m2/repository/io/micrometer/micrometer-commons/1.11.2/micrometer-commons-1.11.2.jar:/Users/shaikzubair/.m2/repository/org/springframework/boot/spring-boot-starter-web/3.1.2/spring-boot-starter-web-3.1.2.jar:/Users/shaikzubair/.m2/repository/org/springframework/boot/spring-boot-starter-json/3.1.2/spring-boot-starter-json-3.1.2.jar:/Users/shaikzubair/.m2/repository/com/fasterxml/jackson/datatype/jackson-datatype-jdk8/2.15.2/jackson-datatype-jdk8-2.15.2.jar:/Users/shaikzubair/.m2/repository/com/fasterxml/jackson/datatype/jackson-datatype-jsr310/2.15.2/jackson-datatype-jsr310-2.15.2.jar:/Users/shaikzubair/.m2/repository/com/fasterxml/jackson/module/jackson-module-parameter-names/2.15.2/jackson-module-parameter-names-2.15.2.jar:/Users/shaikzubair/.m2/repository/org/springframework/boot/spring-boot-starter-tomcat/3.1.2/spring-boot-starter-tomcat-3.1.2.jar:/Users/shaikzubair/.m2/repository/org/apache/tomcat/embed/tomcat-embed-core/10.1.11/tomcat-embed-core-10.1.11.jar:/Users/shaikzubair/.m2/repository/org/apache/tomcat/embed/tomcat-embed-websocket/10.1.11/tomcat-embed-websocket-10.1.11.jar:/Users/shaikzubair/.m2/repository/org/springframework/spring-webmvc/6.0.11/spring-webmvc-6.0.11.jar:/Users/shaikzubair/.m2/repository/org/springframework/spring-aop/6.0.11/spring-aop-6.0.11.jar:/Users/shaikzubair/.m2/repository/org/springframework/spring-context/6.0.11/spring-context-6.0.11.jar:/Users/shaikzubair/.m2/repository/org/springframework/spring-expression/6.0.11/spring-expression-6.0.11.jar:/Users/shaikzubair/.m2/repository/org/springframework/boot/spring-boot-starter-validation/3.1.2/spring-boot-starter-validation-3.1.2.jar:/Users/shaikzubair/.m2/repository/org/apache/tomcat/embed/tomcat-embed-el/10.1.11/tomcat-embed-el-10.1.11.jar:/Users/shaikzubair/.m2/repository/org/hibernate/validator/hibernate-validator/8.0.1.Final/hibernate-validator-8.0.1.Final.jar:/Users/shaikzubair/.m2/repository/jakarta/validation/jakarta.validation-api/3.0.2/jakarta.validation-api-3.0.2.jar:/Users/shaikzubair/.m2/repository/org/jboss/logging/jboss-logging/3.5.3.Final/jboss-logging-3.5.3.Final.jar:/Users/shaikzubair/.m2/repository/com/fasterxml/classmate/1.5.1/classmate-1.5.1.jar:/Users/shaikzubair/.m2/repository/org/springframework/security/spring-security-crypto/6.1.2/spring-security-crypto-6.1.2.jar:/Users/shaikzubair/.m2/repository/org/springframework/security/spring-security-rsa/1.0.11.RELEASE/spring-security-rsa-1.0.11.RELEASE.jar:/Users/shaikzubair/.m2/repository/org/bouncycastle/bcpkix-jdk15on/1.69/bcpkix-jdk15on-1.69.jar:/Users/shaikzubair/.m2/repository/org/bouncycastle/bcprov-jdk15on/1.69/bcprov-jdk15on-1.69.jar:/Users/shaikzubair/.m2/repository/org/bouncycastle/bcutil-jdk15on/1.69/bcutil-jdk15on-1.69.jar:/Users/shaikzubair/.m2/repository/org/apache/httpcomponents/client5/httpclient5/5.2.1/httpclient5-5.2.1.jar:/Users/shaikzubair/.m2/repository/org/apache/httpcomponents/core5/httpcore5/5.2.2/httpcore5-5.2.2.jar:/Users/shaikzubair/.m2/repository/org/apache/httpcomponents/core5/httpcore5-h2/5.2.2/httpcore5-h2-5.2.2.jar:/Users/shaikzubair/.m2/repository/org/slf4j/slf4j-api/2.0.7/slf4j-api-2.0.7.jar:/Users/shaikzubair/.m2/repository/org/eclipse/jgit/org.eclipse.jgit/6.4.0.202211300538-r/org.eclipse.jgit-6.4.0.202211300538-r.jar:/Users/shaikzubair/.m2/repository/com/googlecode/javaewah/JavaEWAH/1.1.13/JavaEWAH-1.1.13.jar:/Users/shaikzubair/.m2/repository/org/eclipse/jgit/org.eclipse.jgit.http.apache/6.4.0.202211300538-r/org.eclipse.jgit.http.apache-6.4.0.202211300538-r.jar:/Users/shaikzubair/.m2/repository/org/apache/httpcomponents/httpclient/4.5.13/httpclient-4.5.13.jar:/Users/shaikzubair/.m2/repository/commons-logging/commons-logging/1.2/commons-logging-1.2.jar:/Users/shaikzubair/.m2/repository/commons-codec/commons-codec/1.15/commons-codec-1.15.jar:/Users/shaikzubair/.m2/repository/org/apache/httpcomponents/httpcore/4.4.16/httpcore-4.4.16.jar:/Users/shaikzubair/.m2/repository/org/eclipse/jgit/org.eclipse.jgit.ssh.apache/6.4.0.202211300538-r/org.eclipse.jgit.ssh.apache-6.4.0.202211300538-r.jar:/Users/shaikzubair/.m2/repository/org/apache/sshd/sshd-osgi/2.9.2/sshd-osgi-2.9.2.jar:/Users/shaikzubair/.m2/repository/org/slf4j/jcl-over-slf4j/2.0.7/jcl-over-slf4j-2.0.7.jar:/Users/shaikzubair/.m2/repository/org/apache/sshd/sshd-sftp/2.9.2/sshd-sftp-2.9.2.jar:/Users/shaikzubair/.m2/repository/org/apache/sshd/sshd-core/2.9.2/sshd-core-2.9.2.jar:/Users/shaikzubair/.m2/repository/org/apache/sshd/sshd-common/2.9.2/sshd-common-2.9.2.jar:/Users/shaikzubair/.m2/repository/net/i2p/crypto/eddsa/0.3.0/eddsa-0.3.0.jar:/Users/shaikzubair/.m2/repository/org/yaml/snakeyaml/1.33/snakeyaml-1.33.jar:/Users/shaikzubair/.m2/repository/com/fasterxml/jackson/dataformat/jackson-dataformat-yaml/2.15.2/jackson-dataformat-yaml-2.15.2.jar:/Users/shaikzubair/.m2/repository/com/fasterxml/jackson/core/jackson-core/2.15.2/jackson-core-2.15.2.jar:/Users/shaikzubair/.m2/repository/org/springframework/cloud/spring-cloud-starter-netflix-eureka-client/4.0.2/spring-cloud-starter-netflix-eureka-client-4.0.2.jar:/Users/shaikzubair/.m2/repository/org/springframework/cloud/spring-cloud-starter/4.0.3/spring-cloud-starter-4.0.3.jar:/Users/shaikzubair/.m2/repository/org/springframework/cloud/spring-cloud-netflix-eureka-client/4.0.2/spring-cloud-netflix-eureka-client-4.0.2.jar:/Users/shaikzubair/.m2/repository/com/netflix/eureka/eureka-client/2.0.0/eureka-client-2.0.0.jar:/Users/shaikzubair/.m2/repository/com/netflix/netflix-commons/netflix-eventbus/0.3.0/netflix-eventbus-0.3.0.jar:/Users/shaikzubair/.m2/repository/com/netflix/netflix-commons/netflix-infix/0.3.0/netflix-infix-0.3.0.jar:/Users/shaikzubair/.m2/repository/commons-jxpath/commons-jxpath/1.3/commons-jxpath-1.3.jar:/Users/shaikzubair/.m2/repository/joda-time/joda-time/2.3/joda-time-2.3.jar:/Users/shaikzubair/.m2/repository/org/antlr/antlr-runtime/3.4/antlr-runtime-3.4.jar:/Users/shaikzubair/.m2/repository/org/antlr/stringtemplate/3.2.1/stringtemplate-3.2.1.jar:/Users/shaikzubair/.m2/repository/antlr/antlr/2.7.7/antlr-2.7.7.jar:/Users/shaikzubair/.m2/repository/com/google/code/gson/gson/2.10.1/gson-2.10.1.jar:/Users/shaikzubair/.m2/repository/org/apache/commons/commons-math/2.2/commons-math-2.2.jar:/Users/shaikzubair/.m2/repository/com/thoughtworks/xstream/xstream/1.4.19/xstream-1.4.19.jar:/Users/shaikzubair/.m2/repository/io/github/x-stream/mxparser/1.2.2/mxparser-1.2.2.jar:/Users/shaikzubair/.m2/repository/xmlpull/xmlpull/1.1.3.1/xmlpull-1.1.3.1.jar:/Users/shaikzubair/.m2/repository/jakarta/ws/rs/jakarta.ws.rs-api/3.1.0/jakarta.ws.rs-api-3.1.0.jar:/Users/shaikzubair/.m2/repository/jakarta/inject/jakarta.inject-api/2.0.1/jakarta.inject-api-2.0.1.jar:/Users/shaikzubair/.m2/repository/jakarta/annotation/jakarta.annotation-api/2.1.1/jakarta.annotation-api-2.1.1.jar:/Users/shaikzubair/.m2/repository/com/netflix/servo/servo-core/0.12.21/servo-core-0.12.21.jar:/Users/shaikzubair/.m2/repository/com/google/guava/guava/19.0/guava-19.0.jar:/Users/shaikzubair/.m2/repository/commons-configuration/commons-configuration/1.10/commons-configuration-1.10.jar:/Users/shaikzubair/.m2/repository/commons-lang/commons-lang/2.6/commons-lang-2.6.jar:/Users/shaikzubair/.m2/repository/org/codehaus/jettison/jettison/1.4.0/jettison-1.4.0.jar:/Users/shaikzubair/.m2/repository/com/netflix/eureka/eureka-core/2.0.0/eureka-core-2.0.0.jar:/Users/shaikzubair/.m2/repository/jakarta/servlet/jakarta.servlet-api/6.0.0/jakarta.servlet-api-6.0.0.jar:/Users/shaikzubair/.m2/repository/com/fasterxml/woodstox/woodstox-core/6.2.1/woodstox-core-6.2.1.jar:/Users/shaikzubair/.m2/repository/org/codehaus/woodstox/stax2-api/4.2.1/stax2-api-4.2.1.jar:/Users/shaikzubair/.m2/repository/org/springframework/cloud/spring-cloud-starter-loadbalancer/4.0.3/spring-cloud-starter-loadbalancer-4.0.3.jar:/Users/shaikzubair/.m2/repository/org/springframework/cloud/spring-cloud-loadbalancer/4.0.3/spring-cloud-loadbalancer-4.0.3.jar:/Users/shaikzubair/.m2/repository/io/projectreactor/reactor-core/3.5.8/reactor-core-3.5.8.jar:/Users/shaikzubair/.m2/repository/org/reactivestreams/reactive-streams/1.0.4/reactive-streams-1.0.4.jar:/Users/shaikzubair/.m2/repository/io/projectreactor/addons/reactor-extra/3.5.1/reactor-extra-3.5.1.jar:/Users/shaikzubair/.m2/repository/org/springframework/boot/spring-boot-starter-cache/3.1.2/spring-boot-starter-cache-3.1.2.jar:/Users/shaikzubair/.m2/repository/org/springframework/spring-context-support/6.0.11/spring-context-support-6.0.11.jar:/Users/shaikzubair/.m2/repository/com/stoyanr/evictor/1.0.0/evictor-1.0.0.jar:/Users/shaikzubair/.m2/repository/org/springframework/boot/spring-boot-starter-test/3.1.2/spring-boot-starter-test-3.1.2.jar:/Users/shaikzubair/.m2/repository/org/springframework/boot/spring-boot-starter/3.1.2/spring-boot-starter-3.1.2.jar:/Users/shaikzubair/.m2/repository/org/springframework/boot/spring-boot/3.1.2/spring-boot-3.1.2.jar:/Users/shaikzubair/.m2/repository/org/springframework/boot/spring-boot-starter-logging/3.1.2/spring-boot-starter-logging-3.1.2.jar:/Users/shaikzubair/.m2/repository/ch/qos/logback/logback-classic/1.4.8/logback-classic-1.4.8.jar:/Users/shaikzubair/.m2/repository/ch/qos/logback/logback-core/1.4.8/logback-core-1.4.8.jar:/Users/shaikzubair/.m2/repository/org/apache/logging/log4j/log4j-to-slf4j/2.20.0/log4j-to-slf4j-2.20.0.jar:/Users/shaikzubair/.m2/repository/org/apache/logging/log4j/log4j-api/2.20.0/log4j-api-2.20.0.jar:/Users/shaikzubair/.m2/repository/org/slf4j/jul-to-slf4j/2.0.7/jul-to-slf4j-2.0.7.jar:/Users/shaikzubair/.m2/repository/org/springframework/boot/spring-boot-test/3.1.2/spring-boot-test-3.1.2.jar:/Users/shaikzubair/.m2/repository/org/springframework/boot/spring-boot-test-autoconfigure/3.1.2/spring-boot-test-autoconfigure-3.1.2.jar:/Users/shaikzubair/.m2/repository/com/jayway/jsonpath/json-path/2.8.0/json-path-2.8.0.jar:/Users/shaikzubair/.m2/repository/jakarta/xml/bind/jakarta.xml.bind-api/4.0.0/jakarta.xml.bind-api-4.0.0.jar:/Users/shaikzubair/.m2/repository/jakarta/activation/jakarta.activation-api/2.1.2/jakarta.activation-api-2.1.2.jar:/Users/shaikzubair/.m2/repository/net/minidev/json-smart/2.4.11/json-smart-2.4.11.jar:/Users/shaikzubair/.m2/repository/net/minidev/accessors-smart/2.4.11/accessors-smart-2.4.11.jar:/Users/shaikzubair/.m2/repository/org/ow2/asm/asm/9.3/asm-9.3.jar:/Users/shaikzubair/.m2/repository/org/assertj/assertj-core/3.24.2/assertj-core-3.24.2.jar:/Users/shaikzubair/.m2/repository/net/bytebuddy/byte-buddy/1.14.5/byte-buddy-1.14.5.jar:/Users/shaikzubair/.m2/repository/org/hamcrest/hamcrest/2.2/hamcrest-2.2.jar:/Users/shaikzubair/.m2/repository/org/junit/jupiter/junit-jupiter/5.9.3/junit-jupiter-5.9.3.jar:/Users/shaikzubair/.m2/repository/org/junit/jupiter/junit-jupiter-api/5.9.3/junit-jupiter-api-5.9.3.jar:/Users/shaikzubair/.m2/repository/org/opentest4j/opentest4j/1.2.0/opentest4j-1.2.0.jar:/Users/shaikzubair/.m2/repository/org/junit/platform/junit-platform-commons/1.9.3/junit-platform-commons-1.9.3.jar:/Users/shaikzubair/.m2/repository/org/apiguardian/apiguardian-api/1.1.2/apiguardian-api-1.1.2.jar:/Users/shaikzubair/.m2/repository/org/junit/jupiter/junit-jupiter-params/5.9.3/junit-jupiter-params-5.9.3.jar:/Users/shaikzubair/.m2/repository/org/junit/jupiter/junit-jupiter-engine/5.9.3/junit-jupiter-engine-5.9.3.jar:/Users/shaikzubair/.m2/repository/org/junit/platform/junit-platform-engine/1.9.3/junit-platform-engine-1.9.3.jar:/Users/shaikzubair/.m2/repository/org/mockito/mockito-core/4.8.1/mockito-core-4.8.1.jar:/Users/shaikzubair/.m2/repository/net/bytebuddy/byte-buddy-agent/1.14.5/byte-buddy-agent-1.14.5.jar:/Users/shaikzubair/.m2/repository/org/objenesis/objenesis/3.2/objenesis-3.2.jar:/Users/shaikzubair/.m2/repository/org/mockito/mockito-junit-jupiter/4.8.1/mockito-junit-jupiter-4.8.1.jar:/Users/shaikzubair/.m2/repository/org/skyscreamer/jsonassert/1.5.1/jsonassert-1.5.1.jar:/Users/shaikzubair/.m2/repository/com/vaadin/external/google/android-json/0.0.20131108.vaadin1/android-json-0.0.20131108.vaadin1.jar:/Users/shaikzubair/.m2/repository/org/springframework/spring-core/6.0.11/spring-core-6.0.11.jar:/Users/shaikzubair/.m2/repository/org/springframework/spring-jcl/6.0.11/spring-jcl-6.0.11.jar:/Users/shaikzubair/.m2/repository/org/springframework/spring-test/6.0.11/spring-test-6.0.11.jar:/Users/shaikzubair/.m2/repository/org/xmlunit/xmlunit-core/2.9.1/xmlunit-core-2.9.1.jar:"/>
    <property name="sun.cpu.endian" value="little"/>
    <property name="user.home" value="/Users/shaikzubair"/>
    <property name="user.language" value="en"/>
    <property name="java.specification.vendor" value="Oracle Corporation"/>
    <property name="java.version.date" value="2023-04-18"/>
    <property name="java.home" value="/opt/homebrew/Cellar/openjdk/20.0.1/libexec/openjdk.jdk/Contents/Home"/>
    <property name="file.separator" value="/"/>
    <property name="basedir" value="/Users/shaikzubair/Desktop/Microservices/ConfigServer"/>
    <property name="java.vm.compressedOopsMode" value="Zero based"/>
    <property name="line.separator" value="&#10;"/>
    <property name="java.vm.specification.vendor" value="Oracle Corporation"/>
    <property name="java.specification.name" value="Java Platform API Specification"/>
    <property name="FILE_LOG_CHARSET" value="UTF-8"/>
    <property name="java.awt.headless" value="true"/>
    <property name="apple.awt.application.name" value="ForkedBooter"/>
    <property name="surefire.real.class.path" value="/Users/shaikzubair/Desktop/Microservices/ConfigServer/target/surefire/surefirebooter-20230902100353664_3.jar"/>
    <property name="sun.management.compiler" value="HotSpot 64-Bit Tiered Compilers"/>
    <property name="ftp.nonProxyHosts" value="local|*.local|169.254/16|*.169.254/16"/>
    <property name="java.runtime.version" value="20.0.1"/>
    <property name="user.name" value="shaikzubair"/>
    <property name="stdout.encoding" value="UTF-8"/>
    <property name="path.separator" value=":"/>
    <property name="os.version" value="13.4.1"/>
    <property name="java.runtime.name" value="OpenJDK Runtime Environment"/>
    <property name="file.encoding" value="UTF-8"/>
    <property name="java.vm.name" value="OpenJDK 64-Bit Server VM"/>
    <property name="java.vendor.version" value="Homebrew"/>
    <property name="localRepository" value="/Users/shaikzubair/.m2/repository"/>
    <property name="java.vendor.url.bug" value="https://github.com/Homebrew/homebrew-core/issues"/>
    <property name="java.io.tmpdir" value="/var/folders/2h/ph4z277s0vvcd0_v37pl6h540000gn/T/"/>
    <property name="java.version" value="20.0.1"/>
    <property name="user.dir" value="/Users/shaikzubair/Desktop/Microservices/ConfigServer"/>
    <property name="os.arch" value="aarch64"/>
    <property name="java.vm.specification.name" value="Java Virtual Machine Specification"/>
    <property name="PID" value="24746"/>
    <property name="CONSOLE_LOG_CHARSET" value="UTF-8"/>
    <property name="native.encoding" value="UTF-8"/>
    <property name="java.library.path" value="/Users/shaikzubair/Library/Java/Extensions:/Library/Java/Extensions:/Network/Library/Java/Extensions:/System/Library/Java/Extensions:/usr/lib/java:."/>
    <property name="java.vm.info" value="mixed mode, sharing"/>
    <property name="stderr.encoding" value="UTF-8"/>
    <property name="java.vendor" value="Homebrew"/>
    <property name="java.vm.version" value="20.0.1"/>
    <property name="sun.io.unicode.encoding" value="UnicodeBig"/>
    <property name="socksNonProxyHosts" value="local|*.local|169.254/16|*.169.254/16"/>
    <property name="java.class.version" value="64.0"/>
  </properties>
  <testcase name="contextLoads" classname="com.ShaikZubair.ConfigServer.ConfigServerApplicationTests" time="0.3">
    <system-out><![CDATA[10:03:54.252 [main] INFO org.springframework.test.context.support.AnnotationConfigContextLoaderUtils -- Could not detect default configuration classes for test class [com.ShaikZubair.ConfigServer.ConfigServerApplicationTests]: ConfigServerApplicationTests does not declare any static, non-private, non-final, nested classes annotated with @Configuration.
10:03:54.321 [main] INFO org.springframework.boot.test.context.SpringBootTestContextBootstrapper -- Found @SpringBootConfiguration com.ShaikZubair.ConfigServer.ConfigServerApplication for test class com.ShaikZubair.ConfigServer.ConfigServerApplicationTests

  .   ____          _            __ _ _
 /\\ / ___'_ __ _ _(_)_ __  __ _ \ \ \ \
( ( )\___ | '_ | '_| | '_ \/ _` | \ \ \ \
 \\/  ___)| |_)| | | | | || (_| |  ) ) ) )
  '  |____| .__|_| |_|_| |_\__, | / / / /
 =========|_|==============|___/=/_/_/_/
 :: Spring Boot ::                (v3.1.2)

2023-09-02T10:03:54.730-04:00  INFO 24746 --- [           main] c.S.C.ConfigServerApplicationTests       : Starting ConfigServerApplicationTests using Java 20.0.1 with PID 24746 (started by shaikzubair in /Users/shaikzubair/Desktop/Microservices/ConfigServer)
2023-09-02T10:03:54.731-04:00  INFO 24746 --- [           main] c.S.C.ConfigServerApplicationTests       : No active profile set, falling back to 1 default profile: "default"
2023-09-02T10:03:55.392-04:00  INFO 24746 --- [           main] o.s.cloud.context.scope.GenericScope     : BeanFactory id=8c8caeae-fd10-31de-a6c8-e13e48a7d5f3
2023-09-02T10:03:55.939-04:00  INFO 24746 --- [           main] DiscoveryClientOptionalArgsConfiguration : Eureka HTTP Client uses RestTemplate.
2023-09-02T10:04:00.979-04:00  WARN 24746 --- [           main] iguration$LoadBalancerCaffeineWarnLogger : Spring Cloud LoadBalancer is currently working with the default cache. While this cache implementation is useful for development and tests, it's recommended to use Caffeine cache in production.You can switch to using Caffeine cache, by adding it and org.springframework.cache.caffeine.CaffeineCacheManager to the classpath.
2023-09-02T10:04:00.997-04:00  INFO 24746 --- [           main] o.s.c.n.eureka.InstanceInfoFactory       : Setting initial instance status as: STARTING
2023-09-02T10:04:01.084-04:00  INFO 24746 --- [           main] com.netflix.discovery.DiscoveryClient    : Initializing Eureka in region us-east-1
2023-09-02T10:04:01.089-04:00  INFO 24746 --- [           main] c.n.d.s.r.aws.ConfigClusterResolver      : Resolving eureka endpoints via configuration
2023-09-02T10:04:01.105-04:00  INFO 24746 --- [           main] com.netflix.discovery.DiscoveryClient    : Disable delta property : false
2023-09-02T10:04:01.106-04:00  INFO 24746 --- [           main] com.netflix.discovery.DiscoveryClient    : Single vip registry refresh property : null
2023-09-02T10:04:01.106-04:00  INFO 24746 --- [           main] com.netflix.discovery.DiscoveryClient    : Force full registry fetch : false
2023-09-02T10:04:01.106-04:00  INFO 24746 --- [           main] com.netflix.discovery.DiscoveryClient    : Application is null : false
2023-09-02T10:04:01.106-04:00  INFO 24746 --- [           main] com.netflix.discovery.DiscoveryClient    : Registered Applications size is zero : true
2023-09-02T10:04:01.106-04:00  INFO 24746 --- [           main] com.netflix.discovery.DiscoveryClient    : Application version is -1: true
2023-09-02T10:04:01.106-04:00  INFO 24746 --- [           main] com.netflix.discovery.DiscoveryClient    : Getting all instance registry info from the eureka server
2023-09-02T10:04:01.459-04:00  INFO 24746 --- [           main] com.netflix.discovery.DiscoveryClient    : The response status is 200
2023-09-02T10:04:01.461-04:00  INFO 24746 --- [           main] com.netflix.discovery.DiscoveryClient    : Starting heartbeat executor: renew interval is: 30
2023-09-02T10:04:01.462-04:00  INFO 24746 --- [           main] c.n.discovery.InstanceInfoReplicator     : InstanceInfoReplicator onDemand update allowed rate per min is 4
2023-09-02T10:04:01.467-04:00  INFO 24746 --- [           main] com.netflix.discovery.DiscoveryClient    : Discovery Client initialized at timestamp 1693663441466 with initial instances count: 0
2023-09-02T10:04:01.469-04:00  INFO 24746 --- [           main] o.s.c.n.e.s.EurekaServiceRegistry        : Registering application CONFIG-SERVER with eureka with status UP
2023-09-02T10:04:01.469-04:00  INFO 24746 --- [           main] com.netflix.discovery.DiscoveryClient    : Saw local status change event StatusChangeEvent [timestamp=1693663441469, current=UP, previous=STARTING]
2023-09-02T10:04:01.470-04:00  INFO 24746 --- [nfoReplicator-0] com.netflix.discovery.DiscoveryClient    : DiscoveryClient_CONFIG-SERVER/shaiks-air:CONFIG-SERVER:9296: registering service...
2023-09-02T10:04:01.484-04:00  INFO 24746 --- [           main] c.S.C.ConfigServerApplicationTests       : Started ConfigServerApplicationTests in 7.069 seconds (process running for 7.758)
2023-09-02T10:04:01.637-04:00  INFO 24746 --- [nfoReplicator-0] com.netflix.discovery.DiscoveryClient    : DiscoveryClient_CONFIG-SERVER/shaiks-air:CONFIG-SERVER:9296 - registration status: 204
]]></system-out>
  </testcase>
</testsuite>